-------------------------------------------------------------------------------
Test set: com.example.TestAppSum
-------------------------------------------------------------------------------
Tests run: 2, Failures: 1, Errors: 0, Skipped: 0, Time elapsed: 0.068 s <<< FAILURE! - in com.example.TestAppSum
testSuccess(com.example.TestAppSum)  Time elapsed: 0.006 s  <<< FAILURE!
java.lang.AssertionError: Result should not be null
	at com.example.TestAppSum.testSuccess(TestAppSum.java:39)

