<?xml version="1.0" encoding="UTF-8"?>
<testsuite xmlns:xsi="http://www.w3.org/2001/XMLSchema-instance" xsi:noNamespaceSchemaLocation="https://maven.apache.org/surefire/maven-surefire-plugin/xsd/surefire-test-report.xsd" name="com.example.TestAppSum" time="0.068" tests="2" errors="0" skipped="0" failures="1">
  <properties>
[...]
</properties>
  <testcase name="testError" classname="com.example.TestAppSum" time="0.007"/>
  <testcase name="testSuccess" classname="com.example.TestAppSum" time="0.006">
    <failure message="Result should not be null" type="java.lang.AssertionError">java.lang.AssertionError: Result should not be null
	at com.example.TestAppSum.testSuccess(TestAppSum.java:39)
</failure>
  </testcase>
</testsuite>